#
# There is insufficient memory for the Java Runtime Environment to continue.
# Native memory allocation (malloc) failed to allocate 131088 bytes for Chunk::new
# Possible reasons:
#   The system is out of physical RAM or swap space
#   The process is running with CompressedOops enabled, and the Java Heap may be blocking the growth of the native heap
# Possible solutions:
#   Reduce memory load on the system
#   Increase physical memory or swap space
#   Check if swap backing store is full
#   Decrease Java heap size (-Xmx/-Xms)
#   Decrease number of Java threads
#   Decrease Java thread stack sizes (-Xss)
#   Set larger code cache with -XX:ReservedCodeCacheSize=
#   JVM is running with Unscaled Compressed Oops mode in which the Java heap is
#     placed in the first 4GB address space. The Java Heap base address is the
#     maximum limit for the native heap growth. Please use -XX:HeapBaseMinAddress
#     to set the Java Heap base and to place the Java Heap above 4GB virtual address.
# This output file may be truncated or incomplete.
#
#  Out of Memory Error (arena.cpp:189), pid=10204, tid=5680
#
# JRE version: OpenJDK Runtime Environment (17.0.7) (build 17.0.7+0-b2043.56-10550314)
# Java VM: OpenJDK 64-Bit Server VM (17.0.7+0-b2043.56-10550314, mixed mode, tiered, compressed oops, compressed class ptrs, g1 gc, windows-amd64)
# No core dump will be written. Minidumps are not enabled by default on client versions of Windows
#

---------------  S U M M A R Y ------------

Command Line: --add-opens=java.base/java.util=ALL-UNNAMED --add-opens=java.base/java.lang=ALL-UNNAMED --add-opens=java.base/java.lang.invoke=ALL-UNNAMED --add-opens=java.prefs/java.util.prefs=ALL-UNNAMED --add-opens=java.base/java.nio.charset=ALL-UNNAMED --add-opens=java.base/java.net=ALL-UNNAMED --add-opens=java.base/java.util.concurrent.atomic=ALL-UNNAMED -Xmx2048m -Dfile.encoding=UTF-8 -Duser.country=ID -Duser.language=en -Duser.variant -javaagent:F:\GRADLE\.gradle\wrapper\dists\gradle-8.2-bin\bbg7u40eoinfdyxsxr3z4i7ta\gradle-8.2\lib\agents\gradle-instrumentation-agent-8.2.jar org.gradle.launcher.daemon.bootstrap.GradleDaemon 8.2

Host: Intel(R) Core(TM) i5-7200U CPU @ 2.50GHz, 4 cores, 7G,  Windows 10 , 64 bit Build 19041 (10.0.19041.3636)
Time: Sat Feb 24 02:51:13 2024 SE Asia Standard Time elapsed time: 27.624180 seconds (0d 0h 0m 27s)

---------------  T H R E A D  ---------------

Current thread (0x0000023f7d6de3a0):  JavaThread "C2 CompilerThread0" daemon [_thread_in_native, id=5680, stack(0x000000f3deb00000,0x000000f3dec00000)]


Current CompileTask:
C2:  27624 4232   !   4       java.net.URLClassLoader::findClass (47 bytes)

Stack: [0x000000f3deb00000,0x000000f3dec00000]
Native frames: (J=compiled Java code, j=interpreted, Vv=VM code, C=native code)
V  [jvm.dll+0x683bfa]
V  [jvm.dll+0x8430a4]
V  [jvm.dll+0x8449be]
V  [jvm.dll+0x845023]
V  [jvm.dll+0x24ad2f]
V  [jvm.dll+0xac25c]
V  [jvm.dll+0xac82c]
V  [jvm.dll+0xb8d7d]
V  [jvm.dll+0x58c662]
V  [jvm.dll+0x225a12]
V  [jvm.dll+0x21ec49]
V  [jvm.dll+0x21c56b]
V  [jvm.dll+0x1a605d]
V  [jvm.dll+0x22c148]
V  [jvm.dll+0x22a209]
V  [jvm.dll+0x7f858c]
V  [jvm.dll+0x7f2aea]
V  [jvm.dll+0x682a35]
C  [ucrtbase.dll+0x21bb2]
C  [KERNEL32.DLL+0x17344]
C  [ntdll.dll+0x526b1]


---------------  P R O C E S S  ---------------

Threads class SMR info:
_java_thread_list=0x0000023f047f1ef0, length=38, elements={
0x0000023f63e92120, 0x0000023f7d4654c0, 0x0000023f7d466c60, 0x0000023f7d490fe0,
0x0000023f7d491aa0, 0x0000023f7d492760, 0x0000023f7d6dcba0, 0x0000023f7d6de3a0,
0x0000023f7d6e29e0, 0x0000023f7d6e3ac0, 0x0000023f7d7f5a10, 0x0000023f7d91e1a0,
0x0000023f051b2ed0, 0x0000023f7e940d50, 0x0000023f7e7bdb60, 0x0000023f7ee10d00,
0x0000023f04a17030, 0x0000023f7ef91520, 0x0000023f7ef919f0, 0x0000023f7ef91ec0,
0x0000023f7ef92860, 0x0000023f7ef93200, 0x0000023f7ef92390, 0x0000023f7ef906b0,
0x0000023f7ef936d0, 0x0000023f7ef90b80, 0x0000023f7ef91050, 0x0000023f04e10490,
0x0000023f04e0a450, 0x0000023f04e0cad0, 0x0000023f04e11ca0, 0x0000023f04e117d0,
0x0000023f04e0faf0, 0x0000023f04e0de10, 0x0000023f04e0c130, 0x0000023f04e0e2e0,
0x0000023f04e0f150, 0x0000023f04e10e30
}

Java Threads: ( => current thread )
  0x0000023f63e92120 JavaThread "main" [_thread_blocked, id=4776, stack(0x000000f3dde00000,0x000000f3ddf00000)]
  0x0000023f7d4654c0 JavaThread "Reference Handler" daemon [_thread_blocked, id=10012, stack(0x000000f3de500000,0x000000f3de600000)]
  0x0000023f7d466c60 JavaThread "Finalizer" daemon [_thread_blocked, id=7084, stack(0x000000f3de600000,0x000000f3de700000)]
  0x0000023f7d490fe0 JavaThread "Signal Dispatcher" daemon [_thread_blocked, id=7220, stack(0x000000f3de700000,0x000000f3de800000)]
  0x0000023f7d491aa0 JavaThread "Attach Listener" daemon [_thread_blocked, id=1412, stack(0x000000f3de800000,0x000000f3de900000)]
  0x0000023f7d492760 JavaThread "Service Thread" daemon [_thread_blocked, id=4320, stack(0x000000f3de900000,0x000000f3dea00000)]
  0x0000023f7d6dcba0 JavaThread "Monitor Deflation Thread" daemon [_thread_blocked, id=908, stack(0x000000f3dea00000,0x000000f3deb00000)]
=>0x0000023f7d6de3a0 JavaThread "C2 CompilerThread0" daemon [_thread_in_native, id=5680, stack(0x000000f3deb00000,0x000000f3dec00000)]
  0x0000023f7d6e29e0 JavaThread "C1 CompilerThread0" daemon [_thread_blocked, id=2144, stack(0x000000f3dec00000,0x000000f3ded00000)]
  0x0000023f7d6e3ac0 JavaThread "Sweeper thread" daemon [_thread_blocked, id=4572, stack(0x000000f3ded00000,0x000000f3dee00000)]
  0x0000023f7d7f5a10 JavaThread "Common-Cleaner" daemon [_thread_blocked, id=2764, stack(0x000000f3dee00000,0x000000f3def00000)]
  0x0000023f7d91e1a0 JavaThread "Notification Thread" daemon [_thread_blocked, id=1476, stack(0x000000f3def00000,0x000000f3df000000)]
  0x0000023f051b2ed0 JavaThread "Daemon health stats" [_thread_blocked, id=1068, stack(0x000000f3df500000,0x000000f3df600000)]
  0x0000023f7e940d50 JavaThread "Incoming local TCP Connector on port 55168" [_thread_in_native, id=2292, stack(0x000000f3df600000,0x000000f3df700000)]
  0x0000023f7e7bdb60 JavaThread "Daemon periodic checks" [_thread_blocked, id=1064, stack(0x000000f3df100000,0x000000f3df200000)]
  0x0000023f7ee10d00 JavaThread "Daemon" [_thread_blocked, id=8956, stack(0x000000f3df700000,0x000000f3df800000)]
  0x0000023f04a17030 JavaThread "Handler for socket connection from /127.0.0.1:55168 to /127.0.0.1:55169" [_thread_in_native, id=10680, stack(0x000000f3df800000,0x000000f3df900000)]
  0x0000023f7ef91520 JavaThread "Cancel handler" [_thread_blocked, id=6064, stack(0x000000f3df900000,0x000000f3dfa00000)]
  0x0000023f7ef919f0 JavaThread "Daemon worker" [_thread_blocked, id=6408, stack(0x000000f3dfa00000,0x000000f3dfb00000)]
  0x0000023f7ef91ec0 JavaThread "Asynchronous log dispatcher for DefaultDaemonConnection: socket connection from /127.0.0.1:55168 to /127.0.0.1:55169" [_thread_blocked, id=7116, stack(0x000000f3dfb00000,0x000000f3dfc00000)]
  0x0000023f7ef92860 JavaThread "Stdin handler" [_thread_blocked, id=2052, stack(0x000000f3dfc00000,0x000000f3dfd00000)]
  0x0000023f7ef93200 JavaThread "Daemon client event forwarder" [_thread_blocked, id=492, stack(0x000000f3dfd00000,0x000000f3dfe00000)]
  0x0000023f7ef92390 JavaThread "Cache worker for journal cache (F:\GRADLE\.gradle\caches\journal-1)" [_thread_blocked, id=2552, stack(0x000000f3dfe00000,0x000000f3dff00000)]
  0x0000023f7ef906b0 JavaThread "File lock request listener" [_thread_in_native, id=392, stack(0x000000f3dff00000,0x000000f3e0000000)]
  0x0000023f7ef936d0 JavaThread "Cache worker for file hash cache (F:\GRADLE\.gradle\caches\8.2\fileHashes)" [_thread_in_native, id=1284, stack(0x000000f3e0000000,0x000000f3e0100000)]
  0x0000023f7ef90b80 JavaThread "File lock release action executor" [_thread_blocked, id=2784, stack(0x000000f3e0100000,0x000000f3e0200000)]
  0x0000023f7ef91050 JavaThread "File watcher server" daemon [_thread_in_native, id=1744, stack(0x000000f3e0300000,0x000000f3e0400000)]
  0x0000023f04e10490 JavaThread "File watcher consumer" daemon [_thread_blocked, id=8264, stack(0x000000f3e0200000,0x000000f3e0300000)]
  0x0000023f04e0a450 JavaThread "jar transforms" [_thread_blocked, id=11124, stack(0x000000f3e0400000,0x000000f3e0500000)]
  0x0000023f04e0cad0 JavaThread "jar transforms Thread 2" [_thread_blocked, id=5856, stack(0x000000f3e0500000,0x000000f3e0600000)]
  0x0000023f04e11ca0 JavaThread "jar transforms Thread 3" [_thread_blocked, id=2176, stack(0x000000f3e0600000,0x000000f3e0700000)]
  0x0000023f04e117d0 JavaThread "jar transforms Thread 4" [_thread_blocked, id=7036, stack(0x000000f3e0700000,0x000000f3e0800000)]
  0x0000023f04e0faf0 JavaThread "Cache worker for checksums cache (C:\Users\Administrator\Videos\FaceAntiSpoofingMobile-main\.gradle\8.2\checksums)" [_thread_blocked, id=9828, stack(0x000000f3e0800000,0x000000f3e0900000)]
  0x0000023f04e0de10 JavaThread "Cache worker for cache directory md-rule (F:\GRADLE\.gradle\caches\8.2\md-rule)" [_thread_blocked, id=3860, stack(0x000000f3e0900000,0x000000f3e0a00000)]
  0x0000023f04e0c130 JavaThread "Cache worker for file content cache (F:\GRADLE\.gradle\caches\8.2\fileContent)" [_thread_blocked, id=7184, stack(0x000000f3e0a00000,0x000000f3e0b00000)]
  0x0000023f04e0e2e0 JavaThread "Cache worker for file hash cache (C:\Users\Administrator\Videos\FaceAntiSpoofingMobile-main\.gradle\8.2\fileHashes)" [_thread_blocked, id=4356, stack(0x000000f3e0b00000,0x000000f3e0c00000)]
  0x0000023f04e0f150 JavaThread "Cache worker for cache directory md-supplier (F:\GRADLE\.gradle\caches\8.2\md-supplier)" [_thread_blocked, id=9180, stack(0x000000f3e0c00000,0x000000f3e0d00000)]
  0x0000023f04e10e30 JavaThread "Cache worker for execution history cache (F:\GRADLE\.gradle\caches\8.2\executionHistory)" [_thread_blocked, id=9612, stack(0x000000f3e0d00000,0x000000f3e0e00000)]

Other Threads:
  0x0000023f7d45c880 VMThread "VM Thread" [stack: 0x000000f3de400000,0x000000f3de500000] [id=4828]
  0x0000023f7d979120 WatcherThread [stack: 0x000000f3df000000,0x000000f3df100000] [id=1940]
  0x0000023f63eee100 GCTaskThread "GC Thread#0" [stack: 0x000000f3ddf00000,0x000000f3de000000] [id=2204]
  0x0000023f7deada50 GCTaskThread "GC Thread#1" [stack: 0x000000f3df200000,0x000000f3df300000] [id=3768]
  0x0000023f7e013530 GCTaskThread "GC Thread#2" [stack: 0x000000f3df300000,0x000000f3df400000] [id=10744]
  0x0000023f7dd8c0a0 GCTaskThread "GC Thread#3" [stack: 0x000000f3df400000,0x000000f3df500000] [id=9048]
  0x0000023f63efef50 ConcurrentGCThread "G1 Main Marker" [stack: 0x000000f3de000000,0x000000f3de100000] [id=932]
  0x0000023f63f00010 ConcurrentGCThread "G1 Conc#0" [stack: 0x000000f3de100000,0x000000f3de200000] [id=10788]
  0x0000023f63f57820 ConcurrentGCThread "G1 Refine#0" [stack: 0x000000f3de200000,0x000000f3de300000] [id=8512]
  0x0000023f7d2c0300 ConcurrentGCThread "G1 Service" [stack: 0x000000f3de300000,0x000000f3de400000] [id=2688]

Threads with active compile tasks:
C2 CompilerThread0    27658 4232   !   4       java.net.URLClassLoader::findClass (47 bytes)

VM state: not at safepoint (normal execution)

VM Mutex/Monitor currently owned by a thread: None

Heap address: 0x0000000080000000, size: 2048 MB, Compressed Oops mode: 32-bit

CDS archive(s) not mapped
Compressed class space mapped at: 0x0000000100000000-0x0000000140000000, reserved size: 1073741824
Narrow klass base: 0x0000000000000000, Narrow klass shift: 3, Narrow klass range: 0x140000000

GC Precious Log:
 CPUs: 4 total, 4 available
 Memory: 8075M
 Large Page Support: Disabled
 NUMA Support: Disabled
 Compressed Oops: Enabled (32-bit)
 Heap Region Size: 1M
 Heap Min Capacity: 8M
 Heap Initial Capacity: 128M
 Heap Max Capacity: 2G
 Pre-touch: Disabled
 Parallel Workers: 4
 Concurrent Workers: 1
 Concurrent Refinement Workers: 4
 Periodic GC: Disabled

Heap:
 garbage-first heap   total 106496K, used 70666K [0x0000000080000000, 0x0000000100000000)
  region size 1024K, 16 young (16384K), 2 survivors (2048K)
 Metaspace       used 47531K, committed 47936K, reserved 1114112K
  class space    used 6328K, committed 6528K, reserved 1048576K

Heap Regions: E=young(eden), S=young(survivor), O=old, HS=humongous(starts), HC=humongous(continues), CS=collection set, F=free, OA=open archive, CA=closed archive, TAMS=top-at-mark-start (previous, next)
|   0|0x0000000080000000, 0x0000000080100000, 0x0000000080100000|100%| O|  |TAMS 0x0000000080100000, 0x0000000080000000| Untracked 
|   1|0x0000000080100000, 0x0000000080200000, 0x0000000080200000|100%| O|  |TAMS 0x0000000080200000, 0x0000000080100000| Untracked 
|   2|0x0000000080200000, 0x0000000080300000, 0x0000000080300000|100%|HS|  |TAMS 0x0000000080300000, 0x0000000080200000| Complete 
|   3|0x0000000080300000, 0x0000000080400000, 0x0000000080400000|100%|HC|  |TAMS 0x0000000080400000, 0x0000000080300000| Complete 
|   4|0x0000000080400000, 0x0000000080500000, 0x0000000080500000|100%|HC|  |TAMS 0x0000000080500000, 0x0000000080400000| Complete 
|   5|0x0000000080500000, 0x0000000080600000, 0x0000000080600000|100%|HC|  |TAMS 0x0000000080600000, 0x0000000080500000| Complete 
|   6|0x0000000080600000, 0x0000000080700000, 0x0000000080700000|100%| O|  |TAMS 0x0000000080700000, 0x0000000080600000| Untracked 
|   7|0x0000000080700000, 0x0000000080800000, 0x0000000080800000|100%| O|  |TAMS 0x0000000080800000, 0x0000000080700000| Untracked 
|   8|0x0000000080800000, 0x0000000080900000, 0x0000000080900000|100%| O|  |TAMS 0x0000000080900000, 0x0000000080800000| Untracked 
|   9|0x0000000080900000, 0x0000000080a00000, 0x0000000080a00000|100%| O|  |TAMS 0x0000000080a00000, 0x0000000080900000| Untracked 
|  10|0x0000000080a00000, 0x0000000080b00000, 0x0000000080b00000|100%| O|  |TAMS 0x0000000080b00000, 0x0000000080a00000| Untracked 
|  11|0x0000000080b00000, 0x0000000080b7d800, 0x0000000080c00000| 49%| O|  |TAMS 0x0000000080b7d800, 0x0000000080b00000| Untracked 
|  12|0x0000000080c00000, 0x0000000080d00000, 0x0000000080d00000|100%| O|  |TAMS 0x0000000080d00000, 0x0000000080c00000| Untracked 
|  13|0x0000000080d00000, 0x0000000080e00000, 0x0000000080e00000|100%| O|  |TAMS 0x0000000080e00000, 0x0000000080d00000| Untracked 
|  14|0x0000000080e00000, 0x0000000080f00000, 0x0000000080f00000|100%| O|  |TAMS 0x0000000080f00000, 0x0000000080e00000| Untracked 
|  15|0x0000000080f00000, 0x0000000081000000, 0x0000000081000000|100%| O|  |TAMS 0x0000000081000000, 0x0000000080f00000| Untracked 
|  16|0x0000000081000000, 0x0000000081100000, 0x0000000081100000|100%| O|  |TAMS 0x0000000081100000, 0x0000000081000000| Untracked 
|  17|0x0000000081100000, 0x0000000081200000, 0x0000000081200000|100%| O|  |TAMS 0x0000000081200000, 0x0000000081100000| Untracked 
|  18|0x0000000081200000, 0x0000000081300000, 0x0000000081300000|100%| O|  |TAMS 0x0000000081300000, 0x0000000081200000| Untracked 
|  19|0x0000000081300000, 0x0000000081400000, 0x0000000081400000|100%|HS|  |TAMS 0x0000000081400000, 0x0000000081300000| Complete 
|  20|0x0000000081400000, 0x0000000081500000, 0x0000000081500000|100%|HC|  |TAMS 0x0000000081500000, 0x0000000081400000| Complete 
|  21|0x0000000081500000, 0x0000000081600000, 0x0000000081600000|100%|HS|  |TAMS 0x0000000081600000, 0x0000000081500000| Complete 
|  22|0x0000000081600000, 0x0000000081700000, 0x0000000081700000|100%|HC|  |TAMS 0x0000000081700000, 0x0000000081600000| Complete 
|  23|0x0000000081700000, 0x0000000081800000, 0x0000000081800000|100%|HC|  |TAMS 0x0000000081800000, 0x0000000081700000| Complete 
|  24|0x0000000081800000, 0x0000000081900000, 0x0000000081900000|100%| O|  |TAMS 0x0000000081900000, 0x0000000081800000| Untracked 
|  25|0x0000000081900000, 0x0000000081a00000, 0x0000000081a00000|100%| O|  |TAMS 0x0000000081a00000, 0x0000000081900000| Untracked 
|  26|0x0000000081a00000, 0x0000000081b00000, 0x0000000081b00000|100%| O|  |TAMS 0x0000000081b00000, 0x0000000081a00000| Untracked 
|  27|0x0000000081b00000, 0x0000000081c00000, 0x0000000081c00000|100%|HS|  |TAMS 0x0000000081c00000, 0x0000000081b00000| Complete 
|  28|0x0000000081c00000, 0x0000000081d00000, 0x0000000081d00000|100%|HC|  |TAMS 0x0000000081d00000, 0x0000000081c00000| Complete 
|  29|0x0000000081d00000, 0x0000000081e00000, 0x0000000081e00000|100%| O|  |TAMS 0x0000000081e00000, 0x0000000081d00000| Untracked 
|  30|0x0000000081e00000, 0x0000000081f00000, 0x0000000081f00000|100%| O|  |TAMS 0x0000000081f00000, 0x0000000081e00000| Untracked 
|  31|0x0000000081f00000, 0x0000000082000000, 0x0000000082000000|100%|HS|  |TAMS 0x0000000082000000, 0x0000000081f00000| Complete 
|  32|0x0000000082000000, 0x0000000082100000, 0x0000000082100000|100%|HC|  |TAMS 0x0000000082100000, 0x0000000082000000| Complete 
|  33|0x0000000082100000, 0x0000000082200000, 0x0000000082200000|100%|HC|  |TAMS 0x0000000082200000, 0x0000000082100000| Complete 
|  34|0x0000000082200000, 0x0000000082300000, 0x0000000082300000|100%|HC|  |TAMS 0x0000000082300000, 0x0000000082200000| Complete 
|  35|0x0000000082300000, 0x0000000082400000, 0x0000000082400000|100%|HC|  |TAMS 0x0000000082400000, 0x0000000082300000| Complete 
|  36|0x0000000082400000, 0x0000000082500000, 0x0000000082500000|100%|HC|  |TAMS 0x0000000082500000, 0x0000000082400000| Complete 
|  37|0x0000000082500000, 0x0000000082600000, 0x0000000082600000|100%|HC|  |TAMS 0x0000000082600000, 0x0000000082500000| Complete 
|  38|0x0000000082600000, 0x0000000082700000, 0x0000000082700000|100%|HC|  |TAMS 0x0000000082700000, 0x0000000082600000| Complete 
|  39|0x0000000082700000, 0x0000000082800000, 0x0000000082800000|100%|HC|  |TAMS 0x0000000082800000, 0x0000000082700000| Complete 
|  40|0x0000000082800000, 0x0000000082900000, 0x0000000082900000|100%|HC|  |TAMS 0x0000000082900000, 0x0000000082800000| Complete 
|  41|0x0000000082900000, 0x0000000082a00000, 0x0000000082a00000|100%|HC|  |TAMS 0x0000000082a00000, 0x0000000082900000| Complete 
|  42|0x0000000082a00000, 0x0000000082b00000, 0x0000000082b00000|100%|HC|  |TAMS 0x0000000082b00000, 0x0000000082a00000| Complete 
|  43|0x0000000082b00000, 0x0000000082c00000, 0x0000000082c00000|100%|HS|  |TAMS 0x0000000082c00000, 0x0000000082b00000| Complete 
|  44|0x0000000082c00000, 0x0000000082d00000, 0x0000000082d00000|100%|HC|  |TAMS 0x0000000082d00000, 0x0000000082c00000| Complete 
|  45|0x0000000082d00000, 0x0000000082e00000, 0x0000000082e00000|100%| O|  |TAMS 0x0000000082e00000, 0x0000000082d00000| Untracked 
|  46|0x0000000082e00000, 0x0000000082f00000, 0x0000000082f00000|100%| O|  |TAMS 0x0000000082f00000, 0x0000000082e00000| Untracked 
|  47|0x0000000082f00000, 0x0000000083000000, 0x0000000083000000|100%| O|  |TAMS 0x0000000083000000, 0x0000000082f00000| Untracked 
|  48|0x0000000083000000, 0x0000000083100000, 0x0000000083100000|100%| O|  |TAMS 0x0000000083100000, 0x0000000083000000| Untracked 
|  49|0x0000000083100000, 0x0000000083200000, 0x0000000083200000|100%| O|  |TAMS 0x0000000083200000, 0x0000000083100000| Untracked 
|  50|0x0000000083200000, 0x0000000083300000, 0x0000000083300000|100%| O|  |TAMS 0x0000000083300000, 0x0000000083200000| Untracked 
|  51|0x0000000083300000, 0x0000000083400000, 0x0000000083400000|100%| O|  |TAMS 0x000000008336f200, 0x0000000083300000| Untracked 
|  52|0x0000000083400000, 0x0000000083500000, 0x0000000083500000|100%| O|  |TAMS 0x0000000083400000, 0x0000000083400000| Untracked 
|  53|0x0000000083500000, 0x0000000083500000, 0x0000000083600000|  0%| F|  |TAMS 0x0000000083500000, 0x0000000083500000| Untracked 
|  54|0x0000000083600000, 0x0000000083600000, 0x0000000083700000|  0%| F|  |TAMS 0x0000000083600000, 0x0000000083600000| Untracked 
|  55|0x0000000083700000, 0x0000000083700000, 0x0000000083800000|  0%| F|  |TAMS 0x0000000083700000, 0x0000000083700000| Untracked 
|  56|0x0000000083800000, 0x0000000083800000, 0x0000000083900000|  0%| F|  |TAMS 0x0000000083800000, 0x0000000083800000| Untracked 
|  57|0x0000000083900000, 0x0000000083900000, 0x0000000083a00000|  0%| F|  |TAMS 0x0000000083900000, 0x0000000083900000| Untracked 
|  58|0x0000000083a00000, 0x0000000083b00000, 0x0000000083b00000|100%| O|  |TAMS 0x0000000083a00000, 0x0000000083a00000| Untracked 
|  59|0x0000000083b00000, 0x0000000083b85000, 0x0000000083c00000| 51%| O|  |TAMS 0x0000000083b00000, 0x0000000083b00000| Untracked 
|  60|0x0000000083c00000, 0x0000000083c00000, 0x0000000083d00000|  0%| F|  |TAMS 0x0000000083c00000, 0x0000000083c00000| Untracked 
|  61|0x0000000083d00000, 0x0000000083d00000, 0x0000000083e00000|  0%| F|  |TAMS 0x0000000083d00000, 0x0000000083d00000| Untracked 
|  62|0x0000000083e00000, 0x0000000083e00000, 0x0000000083f00000|  0%| F|  |TAMS 0x0000000083e00000, 0x0000000083e00000| Untracked 
|  63|0x0000000083f00000, 0x0000000083f00000, 0x0000000084000000|  0%| F|  |TAMS 0x0000000083f00000, 0x0000000083f00000| Untracked 
|  64|0x0000000084000000, 0x0000000084000000, 0x0000000084100000|  0%| F|  |TAMS 0x0000000084000000, 0x0000000084000000| Untracked 
|  65|0x0000000084100000, 0x0000000084100000, 0x0000000084200000|  0%| F|  |TAMS 0x0000000084100000, 0x0000000084100000| Untracked 
|  66|0x0000000084200000, 0x0000000084200000, 0x0000000084300000|  0%| F|  |TAMS 0x0000000084200000, 0x0000000084200000| Untracked 
|  67|0x0000000084300000, 0x0000000084300000, 0x0000000084400000|  0%| F|  |TAMS 0x0000000084300000, 0x0000000084300000| Untracked 
|  68|0x0000000084400000, 0x0000000084400000, 0x0000000084500000|  0%| F|  |TAMS 0x0000000084400000, 0x0000000084400000| Untracked 
|  69|0x0000000084500000, 0x0000000084500000, 0x0000000084600000|  0%| F|  |TAMS 0x0000000084500000, 0x0000000084500000| Untracked 
|  70|0x0000000084600000, 0x0000000084600000, 0x0000000084700000|  0%| F|  |TAMS 0x0000000084600000, 0x0000000084600000| Untracked 
|  71|0x0000000084700000, 0x0000000084700000, 0x0000000084800000|  0%| F|  |TAMS 0x0000000084700000, 0x0000000084700000| Untracked 
|  72|0x0000000084800000, 0x0000000084800000, 0x0000000084900000|  0%| F|  |TAMS 0x0000000084800000, 0x0000000084800000| Untracked 
|  73|0x0000000084900000, 0x0000000084900000, 0x0000000084a00000|  0%| F|  |TAMS 0x0000000084900000, 0x0000000084900000| Untracked 
|  74|0x0000000084a00000, 0x0000000084a00000, 0x0000000084b00000|  0%| F|  |TAMS 0x0000000084a00000, 0x0000000084a00000| Untracked 
|  75|0x0000000084b00000, 0x0000000084b00000, 0x0000000084c00000|  0%| F|  |TAMS 0x0000000084b00000, 0x0000000084b00000| Untracked 
|  76|0x0000000084c00000, 0x0000000084c00000, 0x0000000084d00000|  0%| F|  |TAMS 0x0000000084c00000, 0x0000000084c00000| Untracked 
|  77|0x0000000084d00000, 0x0000000084d00000, 0x0000000084e00000|  0%| F|  |TAMS 0x0000000084d00000, 0x0000000084d00000| Untracked 
|  78|0x0000000084e00000, 0x0000000084e00000, 0x0000000084f00000|  0%| F|  |TAMS 0x0000000084e00000, 0x0000000084e00000| Untracked 
|  79|0x0000000084f00000, 0x0000000084f00000, 0x0000000085000000|  0%| F|  |TAMS 0x0000000084f00000, 0x0000000084f00000| Untracked 
|  80|0x0000000085000000, 0x0000000085000000, 0x0000000085100000|  0%| F|  |TAMS 0x0000000085000000, 0x0000000085000000| Untracked 
|  81|0x0000000085100000, 0x0000000085100000, 0x0000000085200000|  0%| F|  |TAMS 0x0000000085100000, 0x0000000085100000| Untracked 
|  82|0x0000000085200000, 0x0000000085200000, 0x0000000085300000|  0%| F|  |TAMS 0x0000000085200000, 0x0000000085200000| Untracked 
|  83|0x0000000085300000, 0x0000000085300000, 0x0000000085400000|  0%| F|  |TAMS 0x0000000085300000, 0x0000000085300000| Untracked 
|  84|0x0000000085400000, 0x0000000085500000, 0x0000000085500000|100%| S|CS|TAMS 0x0000000085400000, 0x0000000085400000| Complete 
|  85|0x0000000085500000, 0x0000000085600000, 0x0000000085600000|100%| S|CS|TAMS 0x0000000085500000, 0x0000000085500000| Complete 
|  86|0x0000000085600000, 0x0000000085600000, 0x0000000085700000|  0%| F|  |TAMS 0x0000000085600000, 0x0000000085600000| Untracked 
|  87|0x0000000085700000, 0x0000000085700000, 0x0000000085800000|  0%| F|  |TAMS 0x0000000085700000, 0x0000000085700000| Untracked 
|  88|0x0000000085800000, 0x0000000085800000, 0x0000000085900000|  0%| F|  |TAMS 0x0000000085800000, 0x0000000085800000| Untracked 
|  89|0x0000000085900000, 0x0000000085900000, 0x0000000085a00000|  0%| F|  |TAMS 0x0000000085900000, 0x0000000085900000| Untracked 
|  90|0x0000000085a00000, 0x0000000085afe9d8, 0x0000000085b00000| 99%| E|  |TAMS 0x0000000085a00000, 0x0000000085a00000| Complete 
|  91|0x0000000085b00000, 0x0000000085c00000, 0x0000000085c00000|100%| E|CS|TAMS 0x0000000085b00000, 0x0000000085b00000| Complete 
|  92|0x0000000085c00000, 0x0000000085d00000, 0x0000000085d00000|100%| E|CS|TAMS 0x0000000085c00000, 0x0000000085c00000| Complete 
|  93|0x0000000085d00000, 0x0000000085e00000, 0x0000000085e00000|100%| E|CS|TAMS 0x0000000085d00000, 0x0000000085d00000| Complete 
|  94|0x0000000085e00000, 0x0000000085f00000, 0x0000000085f00000|100%| E|CS|TAMS 0x0000000085e00000, 0x0000000085e00000| Complete 
|  95|0x0000000085f00000, 0x0000000086000000, 0x0000000086000000|100%| E|CS|TAMS 0x0000000085f00000, 0x0000000085f00000| Complete 
|  96|0x0000000086000000, 0x0000000086100000, 0x0000000086100000|100%| E|CS|TAMS 0x0000000086000000, 0x0000000086000000| Complete 
|  97|0x0000000086100000, 0x0000000086200000, 0x0000000086200000|100%| E|CS|TAMS 0x0000000086100000, 0x0000000086100000| Complete 
|  98|0x0000000086200000, 0x0000000086300000, 0x0000000086300000|100%| E|CS|TAMS 0x0000000086200000, 0x0000000086200000| Complete 
|  99|0x0000000086300000, 0x0000000086400000, 0x0000000086400000|100%| E|CS|TAMS 0x0000000086300000, 0x0000000086300000| Complete 
| 100|0x0000000086400000, 0x0000000086500000, 0x0000000086500000|100%| E|CS|TAMS 0x0000000086400000, 0x0000000086400000| Complete 
| 101|0x0000000086500000, 0x0000000086600000, 0x0000000086600000|100%| E|CS|TAMS 0x0000000086500000, 0x0000000086500000| Complete 
| 102|0x0000000086600000, 0x0000000086700000, 0x0000000086700000|100%| E|CS|TAMS 0x0000000086600000, 0x0000000086600000| Complete 
| 127|0x0000000087f00000, 0x0000000088000000, 0x0000000088000000|100%| E|CS|TAMS 0x0000000087f00000, 0x0000000087f00000| Complete 

Card table byte_map: [0x0000023f76770000,0x0000023f76b70000] _byte_map_base: 0x0000023f76370000

Marking Bits (Prev, Next): (CMBitMap*) 0x0000023f63eee620, (CMBitMap*) 0x0000023f63eee660
 Prev Bits: [0x0000023f76f70000, 0x0000023f78f70000)
 Next Bits: [0x0000023f78f70000, 0x0000023f7af70000)

Polling page: 0x0000023f63660000

Metaspace:

Usage:
  Non-class:     40.24 MB used.
      Class:      6.18 MB used.
       Both:     46.42 MB used.

Virtual space:
  Non-class space:       64.00 MB reserved,      40.44 MB ( 63%) committed,  1 nodes.
      Class space:        1.00 GB reserved,       6.38 MB ( <1%) committed,  1 nodes.
             Both:        1.06 GB reserved,      46.81 MB (  4%) committed. 

Chunk freelists:
   Non-Class:  7.52 MB
       Class:  9.54 MB
        Both:  17.05 MB

MaxMetaspaceSize: unlimited
CompressedClassSpaceSize: 1.00 GB
Initial GC threshold: 21.00 MB
Current GC threshold: 71.81 MB
CDS: off
MetaspaceReclaimPolicy: balanced
 - commit_granule_bytes: 65536.
 - commit_granule_words: 8192.
 - virtual_space_node_default_size: 8388608.
 - enlarge_chunks_in_place: 1.
 - new_chunks_are_fully_committed: 0.
 - uncommit_free_chunks: 1.
 - use_allocation_guard: 0.
 - handle_deallocations: 1.


Internal statistics:

num_allocs_failed_limit: 3.
num_arena_births: 420.
num_arena_deaths: 0.
num_vsnodes_births: 2.
num_vsnodes_deaths: 0.
num_space_committed: 749.
num_space_uncommitted: 0.
num_chunks_returned_to_freelist: 3.
num_chunks_taken_from_freelist: 1867.
num_chunk_merges: 3.
num_chunk_splits: 1219.
num_chunks_enlarged: 845.
num_inconsistent_stats: 0.

CodeHeap 'non-profiled nmethods': size=120000Kb used=2458Kb max_used=2458Kb free=117541Kb
 bounds [0x0000023f6ee40000, 0x0000023f6f0b0000, 0x0000023f76370000]
CodeHeap 'profiled nmethods': size=120000Kb used=8480Kb max_used=8480Kb free=111520Kb
 bounds [0x0000023f67370000, 0x0000023f67bc0000, 0x0000023f6e8a0000]
CodeHeap 'non-nmethods': size=5760Kb used=2302Kb max_used=2371Kb free=3457Kb
 bounds [0x0000023f6e8a0000, 0x0000023f6eb10000, 0x0000023f6ee40000]
 total_blobs=5029 nmethods=4215 adapters=725
 compilation: enabled
              stopped_count=0, restarted_count=0
 full_count=0

Compilation events (20 events):
Event: 27.401 Thread 0x0000023f7d6de3a0 nmethod 4226 0x0000023f6f0a6010 code [0x0000023f6f0a61a0, 0x0000023f6f0a6268]
Event: 27.402 Thread 0x0000023f7d6de3a0 4227   !   4       java.util.AbstractList$Itr::next (46 bytes)
Event: 27.403 Thread 0x0000023f7d6de3a0 nmethod 4227 0x0000023f6f0a6310 code [0x0000023f6f0a64a0, 0x0000023f6f0a65e8]
Event: 27.437 Thread 0x0000023f7d6e29e0 4228       3       java.lang.invoke.VarHandleReferences$FieldInstanceReadWrite::weakCompareAndSet (48 bytes)
Event: 27.437 Thread 0x0000023f7d6de3a0 4231       4       java.util.concurrent.atomic.AtomicReferenceArray::length (6 bytes)
Event: 27.437 Thread 0x0000023f7d6de3a0 nmethod 4231 0x0000023f6f0a6790 code [0x0000023f6f0a6900, 0x0000023f6f0a6998]
Event: 27.437 Thread 0x0000023f7d6e29e0 nmethod 4228 0x0000023f67bb2990 code [0x0000023f67bb2c00, 0x0000023f67bb3618]
Event: 27.437 Thread 0x0000023f7d6e29e0 4229       3       com.google.common.cache.LocalCache$Segment::getEntry (73 bytes)
Event: 27.438 Thread 0x0000023f7d6e29e0 nmethod 4229 0x0000023f67bb3a10 code [0x0000023f67bb3d00, 0x0000023f67bb4eb8]
Event: 27.438 Thread 0x0000023f7d6e29e0 4230       3       com.google.common.cache.LocalCache$Segment::getFirst (21 bytes)
Event: 27.439 Thread 0x0000023f7d6e29e0 nmethod 4230 0x0000023f67bb5490 code [0x0000023f67bb5720, 0x0000023f67bb6388]
Event: 27.572 Thread 0x0000023f7d6de3a0 4232   !   4       java.net.URLClassLoader::findClass (47 bytes)
Event: 27.580 Thread 0x0000023f7d6e29e0 4234       3       sun.security.provider.ByteArrayAccess::i2bLittle4 (10 bytes)
Event: 27.581 Thread 0x0000023f7d6e29e0 nmethod 4234 0x0000023f67bb6810 code [0x0000023f67bb6a40, 0x0000023f67bb7178]
Event: 27.581 Thread 0x0000023f7d6e29e0 4236       3       com.google.common.cache.LocalCache::recordsAccess (5 bytes)
Event: 27.581 Thread 0x0000023f7d6e29e0 nmethod 4236 0x0000023f67bb7490 code [0x0000023f67bb7620, 0x0000023f67bb7818]
Event: 27.581 Thread 0x0000023f7d6e29e0 4235       3       com.google.common.cache.LocalCache::unset (4 bytes)
Event: 27.581 Thread 0x0000023f7d6e29e0 nmethod 4235 0x0000023f67bb7910 code [0x0000023f67bb7aa0, 0x0000023f67bb7b98]
Event: 27.585 Thread 0x0000023f7d6e29e0 4237       3       jdk.internal.misc.VM::isModuleSystemInited (13 bytes)
Event: 27.585 Thread 0x0000023f7d6e29e0 nmethod 4237 0x0000023f67bb7c10 code [0x0000023f67bb7da0, 0x0000023f67bb7f58]

GC Heap History (20 events):
Event: 6.383 GC heap before
{Heap before GC invocations=6 (full 0):
 garbage-first heap   total 68608K, used 55761K [0x0000000080000000, 0x0000000100000000)
  region size 1024K, 30 young (30720K), 3 survivors (3072K)
 Metaspace       used 29780K, committed 30080K, reserved 1114112K
  class space    used 4035K, committed 4224K, reserved 1048576K
}
Event: 6.387 GC heap after
{Heap after GC invocations=7 (full 0):
 garbage-first heap   total 68608K, used 30346K [0x0000000080000000, 0x0000000100000000)
  region size 1024K, 4 young (4096K), 4 survivors (4096K)
 Metaspace       used 29780K, committed 30080K, reserved 1114112K
  class space    used 4035K, committed 4224K, reserved 1048576K
}
Event: 8.693 GC heap before
{Heap before GC invocations=7 (full 0):
 garbage-first heap   total 68608K, used 32394K [0x0000000080000000, 0x0000000100000000)
  region size 1024K, 8 young (8192K), 4 survivors (4096K)
 Metaspace       used 29953K, committed 30272K, reserved 1114112K
  class space    used 4065K, committed 4224K, reserved 1048576K
}
Event: 8.698 GC heap after
{Heap after GC invocations=8 (full 0):
 garbage-first heap   total 68608K, used 32539K [0x0000000080000000, 0x0000000100000000)
  region size 1024K, 3 young (3072K), 3 survivors (3072K)
 Metaspace       used 29953K, committed 30272K, reserved 1114112K
  class space    used 4065K, committed 4224K, reserved 1048576K
}
Event: 11.440 GC heap before
{Heap before GC invocations=9 (full 0):
 garbage-first heap   total 80896K, used 44827K [0x0000000080000000, 0x0000000100000000)
  region size 1024K, 4 young (4096K), 3 survivors (3072K)
 Metaspace       used 29955K, committed 30272K, reserved 1114112K
  class space    used 4065K, committed 4224K, reserved 1048576K
}
Event: 11.442 GC heap after
{Heap after GC invocations=10 (full 0):
 garbage-first heap   total 80896K, used 44667K [0x0000000080000000, 0x0000000100000000)
  region size 1024K, 2 young (2048K), 2 survivors (2048K)
 Metaspace       used 29955K, committed 30272K, reserved 1114112K
  class space    used 4065K, committed 4224K, reserved 1048576K
}
Event: 15.865 GC heap before
{Heap before GC invocations=11 (full 0):
 garbage-first heap   total 81920K, used 62075K [0x0000000080000000, 0x0000000100000000)
  region size 1024K, 18 young (18432K), 2 survivors (2048K)
 Metaspace       used 31780K, committed 32192K, reserved 1114112K
  class space    used 4346K, committed 4544K, reserved 1048576K
}
Event: 15.868 GC heap after
{Heap after GC invocations=12 (full 0):
 garbage-first heap   total 81920K, used 48580K [0x0000000080000000, 0x0000000100000000)
  region size 1024K, 3 young (3072K), 3 survivors (3072K)
 Metaspace       used 31780K, committed 32192K, reserved 1114112K
  class space    used 4346K, committed 4544K, reserved 1048576K
}
Event: 16.842 GC heap before
{Heap before GC invocations=12 (full 0):
 garbage-first heap   total 81920K, used 63940K [0x0000000080000000, 0x0000000100000000)
  region size 1024K, 18 young (18432K), 3 survivors (3072K)
 Metaspace       used 33748K, committed 34112K, reserved 1114112K
  class space    used 4662K, committed 4864K, reserved 1048576K
}
Event: 16.845 GC heap after
{Heap after GC invocations=13 (full 0):
 garbage-first heap   total 81920K, used 49600K [0x0000000080000000, 0x0000000100000000)
  region size 1024K, 1 young (1024K), 1 survivors (1024K)
 Metaspace       used 33748K, committed 34112K, reserved 1114112K
  class space    used 4662K, committed 4864K, reserved 1048576K
}
Event: 17.835 GC heap before
{Heap before GC invocations=14 (full 0):
 garbage-first heap   total 89088K, used 62912K [0x0000000080000000, 0x0000000100000000)
  region size 1024K, 15 young (15360K), 1 survivors (1024K)
 Metaspace       used 35844K, committed 36160K, reserved 1114112K
  class space    used 4973K, committed 5120K, reserved 1048576K
}
Event: 17.838 GC heap after
{Heap after GC invocations=15 (full 0):
 garbage-first heap   total 89088K, used 49970K [0x0000000080000000, 0x0000000100000000)
  region size 1024K, 2 young (2048K), 2 survivors (2048K)
 Metaspace       used 35844K, committed 36160K, reserved 1114112K
  class space    used 4973K, committed 5120K, reserved 1048576K
}
Event: 21.485 GC heap before
{Heap before GC invocations=15 (full 0):
 garbage-first heap   total 89088K, used 69426K [0x0000000080000000, 0x0000000100000000)
  region size 1024K, 21 young (21504K), 2 survivors (2048K)
 Metaspace       used 40564K, committed 40896K, reserved 1114112K
  class space    used 5486K, committed 5632K, reserved 1048576K
}
Event: 21.490 GC heap after
{Heap after GC invocations=16 (full 0):
 garbage-first heap   total 89088K, used 52124K [0x0000000080000000, 0x0000000100000000)
  region size 1024K, 3 young (3072K), 3 survivors (3072K)
 Metaspace       used 40564K, committed 40896K, reserved 1114112K
  class space    used 5486K, committed 5632K, reserved 1048576K
}
Event: 21.788 GC heap before
{Heap before GC invocations=17 (full 0):
 garbage-first heap   total 92160K, used 69532K [0x0000000080000000, 0x0000000100000000)
  region size 1024K, 21 young (21504K), 3 survivors (3072K)
 Metaspace       used 42517K, committed 42944K, reserved 1114112K
  class space    used 5700K, committed 5888K, reserved 1048576K
}
Event: 21.796 GC heap after
{Heap after GC invocations=18 (full 0):
 garbage-first heap   total 92160K, used 54666K [0x0000000080000000, 0x0000000100000000)
  region size 1024K, 3 young (3072K), 3 survivors (3072K)
 Metaspace       used 42517K, committed 42944K, reserved 1114112K
  class space    used 5700K, committed 5888K, reserved 1048576K
}
Event: 22.268 GC heap before
{Heap before GC invocations=18 (full 0):
 garbage-first heap   total 92160K, used 69002K [0x0000000080000000, 0x0000000100000000)
  region size 1024K, 19 young (19456K), 3 survivors (3072K)
 Metaspace       used 42990K, committed 43392K, reserved 1114112K
  class space    used 5746K, committed 5952K, reserved 1048576K
}
Event: 22.272 GC heap after
{Heap after GC invocations=19 (full 0):
 garbage-first heap   total 92160K, used 55865K [0x0000000080000000, 0x0000000100000000)
  region size 1024K, 3 young (3072K), 3 survivors (3072K)
 Metaspace       used 42990K, committed 43392K, reserved 1114112K
  class space    used 5746K, committed 5952K, reserved 1048576K
}
Event: 25.777 GC heap before
{Heap before GC invocations=20 (full 0):
 garbage-first heap   total 106496K, used 78393K [0x0000000080000000, 0x0000000100000000)
  region size 1024K, 21 young (21504K), 3 survivors (3072K)
 Metaspace       used 45912K, committed 46336K, reserved 1114112K
  class space    used 6082K, committed 6272K, reserved 1048576K
}
Event: 25.781 GC heap after
{Heap after GC invocations=21 (full 0):
 garbage-first heap   total 106496K, used 57354K [0x0000000080000000, 0x0000000100000000)
  region size 1024K, 2 young (2048K), 2 survivors (2048K)
 Metaspace       used 45912K, committed 46336K, reserved 1114112K
  class space    used 6082K, committed 6272K, reserved 1048576K
}

Dll operation events (3 events):
Event: 0.008 Loaded shared library C:\Program Files\Android\Android Studio\jbr\bin\java.dll
Event: 0.137 Loaded shared library C:\Program Files\Android\Android Studio\jbr\bin\zip.dll
Event: 0.346 Loaded shared library C:\Program Files\Android\Android Studio\jbr\bin\verify.dll

Deoptimization events (20 events):
Event: 22.431 Thread 0x0000023f7ef919f0 DEOPT PACKING pc=0x0000023f6f0467e0 sp=0x000000f3dfaf8510
Event: 22.431 Thread 0x0000023f7ef919f0 DEOPT UNPACKING pc=0x0000023f6e8f69a3 sp=0x000000f3dfaf8440 mode 2
Event: 23.123 Thread 0x0000023f04e0a450 Uncommon trap: trap_request=0xffffff45 fr.pc=0x0000023f6eee5e50 relative=0x0000000000000230
Event: 23.123 Thread 0x0000023f04e0a450 Uncommon trap: reason=unstable_if action=reinterpret pc=0x0000023f6eee5e50 method=java.util.StringTokenizer.scanToken(I)I @ 42 c2
Event: 23.123 Thread 0x0000023f04e0a450 DEOPT PACKING pc=0x0000023f6eee5e50 sp=0x000000f3e04fe6f0
Event: 23.123 Thread 0x0000023f04e0a450 DEOPT UNPACKING pc=0x0000023f6e8f69a3 sp=0x000000f3e04fe680 mode 2
Event: 25.433 Thread 0x0000023f7ef919f0 Uncommon trap: trap_request=0xffffff45 fr.pc=0x0000023f6f026d2c relative=0x000000000000010c
Event: 25.433 Thread 0x0000023f7ef919f0 Uncommon trap: reason=unstable_if action=reinterpret pc=0x0000023f6f026d2c method=java.util.Arrays.hashCode([Ljava/lang/Object;)I @ 34 c2
Event: 25.433 Thread 0x0000023f7ef919f0 DEOPT PACKING pc=0x0000023f6f026d2c sp=0x000000f3dfaf76b0
Event: 25.433 Thread 0x0000023f7ef919f0 DEOPT UNPACKING pc=0x0000023f6e8f69a3 sp=0x000000f3dfaf7628 mode 2
Event: 25.439 Thread 0x0000023f7ef919f0 DEOPT PACKING pc=0x0000023f67a9e095 sp=0x000000f3dfaf4d00
Event: 25.439 Thread 0x0000023f7ef919f0 DEOPT UNPACKING pc=0x0000023f6e8f7143 sp=0x000000f3dfaf4188 mode 0
Event: 26.873 Thread 0x0000023f7ef919f0 Uncommon trap: trap_request=0xffffffde fr.pc=0x0000023f6ef7df6c relative=0x00000000000002cc
Event: 26.873 Thread 0x0000023f7ef919f0 Uncommon trap: reason=class_check action=maybe_recompile pc=0x0000023f6ef7df6c method=java.util.Collections$SetFromMap.remove(Ljava/lang/Object;)Z @ 5 c2
Event: 26.873 Thread 0x0000023f7ef919f0 DEOPT PACKING pc=0x0000023f6ef7df6c sp=0x000000f3dfaf8f10
Event: 26.873 Thread 0x0000023f7ef919f0 DEOPT UNPACKING pc=0x0000023f6e8f69a3 sp=0x000000f3dfaf8ef8 mode 2
Event: 27.330 Thread 0x0000023f7ef919f0 Uncommon trap: trap_request=0xffffffde fr.pc=0x0000023f6ef7df6c relative=0x00000000000002cc
Event: 27.330 Thread 0x0000023f7ef919f0 Uncommon trap: reason=class_check action=maybe_recompile pc=0x0000023f6ef7df6c method=java.util.Collections$SetFromMap.remove(Ljava/lang/Object;)Z @ 5 c2
Event: 27.330 Thread 0x0000023f7ef919f0 DEOPT PACKING pc=0x0000023f6ef7df6c sp=0x000000f3dfaf90f0
Event: 27.330 Thread 0x0000023f7ef919f0 DEOPT UNPACKING pc=0x0000023f6e8f69a3 sp=0x000000f3dfaf90d8 mode 2

Classes unloaded (0 events):
No events

Classes redefined (0 events):
No events

Internal exceptions (20 events):
Event: 22.860 Thread 0x0000023f04e0a450 Exception <a 'sun/nio/fs/WindowsException'{0x0000000086488f10}> (0x0000000086488f10) 
thrown [s\src\hotspot\share\prims\jni.cpp, line 517]
Event: 23.217 Thread 0x0000023f04e0a450 Exception <a 'sun/nio/fs/WindowsException'{0x0000000086106dc0}> (0x0000000086106dc0) 
thrown [s\src\hotspot\share\prims\jni.cpp, line 517]
Event: 23.218 Thread 0x0000023f04e0a450 Exception <a 'sun/nio/fs/WindowsException'{0x0000000086106fb8}> (0x0000000086106fb8) 
thrown [s\src\hotspot\share\prims\jni.cpp, line 517]
Event: 24.063 Thread 0x0000023f7ef919f0 Exception <a 'java/lang/ClassNotFoundException'{0x000000008601ad58}: sync_studio_tooling241_2973kprmybgcchkk3hcdezoj1BeanInfo> (0x000000008601ad58) 
thrown [s\src\hotspot\share\classfile\systemDictionary.cpp, line 256]
Event: 24.063 Thread 0x0000023f7ef919f0 Exception <a 'java/lang/ClassNotFoundException'{0x0000000086021888}: sync_studio_tooling241_2973kprmybgcchkk3hcdezoj1Customizer> (0x0000000086021888) 
thrown [s\src\hotspot\share\classfile\systemDictionary.cpp, line 256]
Event: 24.068 Thread 0x0000023f7ef919f0 Exception <a 'java/lang/ClassNotFoundException'{0x0000000086070248}: org/gradle/internal/metaobject/ConfigureDelegateBeanInfo> (0x0000000086070248) 
thrown [s\src\hotspot\share\classfile\systemDictionary.cpp, line 256]
Event: 24.068 Thread 0x0000023f7ef919f0 Exception <a 'java/lang/ClassNotFoundException'{0x0000000086080b58}: org/gradle/internal/metaobject/ConfigureDelegateCustomizer> (0x0000000086080b58) 
thrown [s\src\hotspot\share\classfile\systemDictionary.cpp, line 256]
Event: 24.142 Thread 0x0000023f7ef919f0 Exception <a 'java/lang/ClassNotFoundException'{0x00000000860d6880}: org/gradle/api/internal/initialization/DefaultScriptHandlerBeanInfo> (0x00000000860d6880) 
thrown [s\src\hotspot\share\classfile\systemDictionary.cpp, line 256]
Event: 24.143 Thread 0x0000023f7ef919f0 Exception <a 'java/lang/ClassNotFoundException'{0x00000000860e7310}: org/gradle/api/internal/initialization/DefaultScriptHandlerCustomizer> (0x00000000860e7310) 
thrown [s\src\hotspot\share\classfile\systemDictionary.cpp, line 256]
Event: 25.433 Thread 0x0000023f7ef919f0 Implicit null exception at 0x0000023f6f026c6c to 0x0000023f6f026d10
Event: 25.439 Thread 0x0000023f7ef919f0 Exception <a 'java/lang/ClassNotFoundException'{0x0000000085835a80}: org/gradle/api/internal/artifacts/dsl/dependencies/DefaultDependencyHandler_DecoratedBeanInfo> (0x0000000085835a80) 
thrown [s\src\hotspot\share\classfile\systemDictionary.cpp, line 256]
Event: 25.440 Thread 0x0000023f7ef919f0 Exception <a 'java/lang/ClassNotFoundException'{0x000000008584bcc8}: org/gradle/api/internal/artifacts/dsl/dependencies/DefaultDependencyHandlerBeanInfo> (0x000000008584bcc8) 
thrown [s\src\hotspot\share\classfile\systemDictionary.cpp, line 256]
Event: 25.441 Thread 0x0000023f7ef919f0 Exception <a 'java/lang/ClassNotFoundException'{0x0000000085861bf0}: org/gradle/api/internal/artifacts/dsl/dependencies/DefaultDependencyHandlerCustomizer> (0x0000000085861bf0) 
thrown [s\src\hotspot\share\classfile\systemDictionary.cpp, line 256]
Event: 25.445 Thread 0x0000023f7ef919f0 Exception <a 'java/lang/ClassNotFoundException'{0x00000000858a11b8}: org/gradle/api/internal/artifacts/dsl/dependencies/DefaultDependencyHandler_DecoratedCustomizer> (0x00000000858a11b8) 
thrown [s\src\hotspot\share\classfile\systemDictionary.cpp, line 256]
Event: 25.447 Thread 0x0000023f7ef919f0 Exception <a 'java/lang/ClassNotFoundException'{0x00000000858e2138}: sync_studio_tooling241_2973kprmybgcchkk3hcdezoj1$_run_closure1BeanInfo> (0x00000000858e2138) 
thrown [s\src\hotspot\share\classfile\systemDictionary.cpp, line 256]
Event: 25.447 Thread 0x0000023f7ef919f0 Exception <a 'java/lang/ClassNotFoundException'{0x00000000858e9128}: sync_studio_tooling241_2973kprmybgcchkk3hcdezoj1$_run_closure1Customizer> (0x00000000858e9128) 
thrown [s\src\hotspot\share\classfile\systemDictionary.cpp, line 256]
Event: 25.832 Thread 0x0000023f7ef919f0 Exception <a 'java/lang/NoSuchMethodError'{0x0000000086628788}: 'java.lang.Object java.lang.invoke.DirectMethodHandle$Holder.newInvokeSpecial(java.lang.Object, int, java.lang.Object)'> (0x0000000086628788) 
thrown [s\src\hotspot\share\interpreter\linkResolver.cpp, line 771]
Event: 26.312 Thread 0x0000023f7ef919f0 Exception <a 'java/lang/NoSuchMethodError'{0x00000000863dc5c0}: 'void java.lang.invoke.DirectMethodHandle$Holder.invokeInterface(java.lang.Object, java.lang.Object)'> (0x00000000863dc5c0) 
thrown [s\src\hotspot\share\interpreter\linkResolver.cpp, line 771]
Event: 27.327 Thread 0x0000023f7ef919f0 Exception <a 'java/lang/NoSuchMethodError'{0x0000000085b61e80}: 'int java.lang.invoke.DirectMethodHandle$Holder.invokeStatic(java.lang.Object)'> (0x0000000085b61e80) 
thrown [s\src\hotspot\share\interpreter\linkResolver.cpp, line 771]
Event: 27.328 Thread 0x0000023f7ef919f0 Exception <a 'java/lang/NoSuchMethodError'{0x0000000085b66270}: 'int java.lang.invoke.DirectMethodHandle$Holder.invokeStaticInit(java.lang.Object)'> (0x0000000085b66270) 
thrown [s\src\hotspot\share\interpreter\linkResolver.cpp, line 771]

VM Operations (20 events):
Event: 21.788 Executing VM operation: G1CollectForAllocation
Event: 21.796 Executing VM operation: G1CollectForAllocation done
Event: 22.268 Executing VM operation: G1TryInitiateConcMark
Event: 22.272 Executing VM operation: G1TryInitiateConcMark done
Event: 22.306 Executing VM operation: G1Concurrent
Event: 22.310 Executing VM operation: G1Concurrent done
Event: 22.328 Executing VM operation: G1Concurrent
Event: 22.328 Executing VM operation: G1Concurrent done
Event: 23.137 Executing VM operation: HandshakeAllThreads
Event: 23.137 Executing VM operation: HandshakeAllThreads done
Event: 23.141 Executing VM operation: HandshakeAllThreads
Event: 23.141 Executing VM operation: HandshakeAllThreads done
Event: 24.145 Executing VM operation: Cleanup
Event: 24.146 Executing VM operation: Cleanup done
Event: 24.888 Executing VM operation: HandshakeAllThreads
Event: 24.888 Executing VM operation: HandshakeAllThreads done
Event: 25.777 Executing VM operation: G1CollectForAllocation
Event: 25.781 Executing VM operation: G1CollectForAllocation done
Event: 26.792 Executing VM operation: Cleanup
Event: 26.792 Executing VM operation: Cleanup done

Events (20 events):
Event: 23.024 loading class java/util/zip/Deflater$DeflaterZStreamRef
Event: 23.024 loading class java/util/zip/Deflater$DeflaterZStreamRef done
Event: 23.035 loading class java/nio/channels/Channels
Event: 23.035 loading class java/nio/channels/Channels done
Event: 23.035 loading class sun/nio/ch/ChannelInputStream
Event: 23.035 loading class sun/nio/ch/ChannelInputStream done
Event: 23.124 loading class java/lang/invoke/SerializedLambda
Event: 23.125 loading class java/lang/invoke/SerializedLambda done
Event: 23.140 loading class java/nio/StringCharBuffer
Event: 23.140 loading class java/nio/StringCharBuffer done
Event: 23.217 loading class java/nio/file/StandardCopyOption
Event: 23.217 loading class java/nio/file/StandardCopyOption done
Event: 23.217 loading class sun/nio/fs/WindowsFileCopy
Event: 23.217 loading class sun/nio/fs/WindowsFileCopy done
Event: 24.652 loading class sun/reflect/generics/tree/BooleanSignature
Event: 24.653 loading class sun/reflect/generics/tree/BooleanSignature done
Event: 26.593 loading class java/io/DeleteOnExitHook
Event: 26.593 loading class java/io/DeleteOnExitHook done
Event: 26.593 loading class java/io/DeleteOnExitHook$1
Event: 26.593 loading class java/io/DeleteOnExitHook$1 done


Dynamic libraries:
0x00007ff740eb0000 - 0x00007ff740eba000 	C:\Program Files\Android\Android Studio\jbr\bin\java.exe
0x00007ffeb6950000 - 0x00007ffeb6b48000 	C:\Windows\SYSTEM32\ntdll.dll
0x00007ffeb4a80000 - 0x00007ffeb4b3d000 	C:\Windows\System32\KERNEL32.DLL
0x00007ffeb4290000 - 0x00007ffeb4586000 	C:\Windows\System32\KERNELBASE.dll
0x00007ffeb4590000 - 0x00007ffeb4690000 	C:\Windows\System32\ucrtbase.dll
0x00007ffead800000 - 0x00007ffead81b000 	C:\Program Files\Android\Android Studio\jbr\bin\VCRUNTIME140.dll
0x00007ffeae870000 - 0x00007ffeae887000 	C:\Program Files\Android\Android Studio\jbr\bin\jli.dll
0x00007ffeb5c00000 - 0x00007ffeb5d9e000 	C:\Windows\System32\USER32.dll
0x00007ffeb41f0000 - 0x00007ffeb4212000 	C:\Windows\System32\win32u.dll
0x00007ffe9e090000 - 0x00007ffe9e32a000 	C:\Windows\WinSxS\amd64_microsoft.windows.common-controls_6595b64144ccf1df_6.0.19041.3636_none_60b6a03d71f818d5\COMCTL32.dll
0x00007ffeb68e0000 - 0x00007ffeb690b000 	C:\Windows\System32\GDI32.dll
0x00007ffeb4b40000 - 0x00007ffeb4bde000 	C:\Windows\System32\msvcrt.dll
0x00007ffeb4010000 - 0x00007ffeb4127000 	C:\Windows\System32\gdi32full.dll
0x00007ffeb4790000 - 0x00007ffeb482d000 	C:\Windows\System32\msvcp_win.dll
0x00007ffeb56b0000 - 0x00007ffeb56e2000 	C:\Windows\System32\IMM32.DLL
0x00007ffeaf450000 - 0x00007ffeaf45c000 	C:\Program Files\Android\Android Studio\jbr\bin\vcruntime140_1.dll
0x00007ffea9540000 - 0x00007ffea95cd000 	C:\Program Files\Android\Android Studio\jbr\bin\msvcp140.dll
0x00007ffe78710000 - 0x00007ffe79390000 	C:\Program Files\Android\Android Studio\jbr\bin\server\jvm.dll
0x00007ffeb6820000 - 0x00007ffeb68d3000 	C:\Windows\System32\ADVAPI32.dll
0x00007ffeb5610000 - 0x00007ffeb56af000 	C:\Windows\System32\sechost.dll
0x00007ffeb54e0000 - 0x00007ffeb5606000 	C:\Windows\System32\RPCRT4.dll
0x00007ffeb4130000 - 0x00007ffeb4157000 	C:\Windows\System32\bcrypt.dll
0x00007ffe9cbd0000 - 0x00007ffe9cbd9000 	C:\Windows\SYSTEM32\WSOCK32.dll
0x00007ffeab180000 - 0x00007ffeab18a000 	C:\Windows\SYSTEM32\VERSION.dll
0x00007ffe9e4e0000 - 0x00007ffe9e507000 	C:\Windows\SYSTEM32\WINMM.dll
0x00007ffeb6210000 - 0x00007ffeb627b000 	C:\Windows\System32\WS2_32.dll
0x00007ffeb2850000 - 0x00007ffeb2862000 	C:\Windows\SYSTEM32\kernel.appcore.dll
0x00007ffeaec40000 - 0x00007ffeaec4a000 	C:\Program Files\Android\Android Studio\jbr\bin\jimage.dll
0x00007ffeb13a0000 - 0x00007ffeb1584000 	C:\Windows\SYSTEM32\DBGHELP.DLL
0x00007ffe9ce90000 - 0x00007ffe9cec4000 	C:\Windows\SYSTEM32\dbgcore.DLL
0x00007ffeb4160000 - 0x00007ffeb41e2000 	C:\Windows\System32\bcryptPrimitives.dll
0x00007ffeaeae0000 - 0x00007ffeaeaee000 	C:\Program Files\Android\Android Studio\jbr\bin\instrument.dll
0x00007ffeaec10000 - 0x00007ffeaec35000 	C:\Program Files\Android\Android Studio\jbr\bin\java.dll
0x00007ffeaebf0000 - 0x00007ffeaec08000 	C:\Program Files\Android\Android Studio\jbr\bin\zip.dll
0x00007ffeb4d90000 - 0x00007ffeb54d5000 	C:\Windows\System32\SHELL32.dll
0x00007ffeb1f50000 - 0x00007ffeb26ec000 	C:\Windows\SYSTEM32\windows.storage.dll
0x00007ffeb64c0000 - 0x00007ffeb6814000 	C:\Windows\System32\combase.dll
0x00007ffeb3a40000 - 0x00007ffeb3a6e000 	C:\Windows\SYSTEM32\Wldp.dll
0x00007ffeb56f0000 - 0x00007ffeb57bd000 	C:\Windows\System32\OLEAUT32.dll
0x00007ffeb6410000 - 0x00007ffeb64bd000 	C:\Windows\System32\SHCORE.dll
0x00007ffeb59a0000 - 0x00007ffeb59f5000 	C:\Windows\System32\shlwapi.dll
0x00007ffeb3f40000 - 0x00007ffeb3f65000 	C:\Windows\SYSTEM32\profapi.dll
0x00007ffeaebd0000 - 0x00007ffeaebe9000 	C:\Program Files\Android\Android Studio\jbr\bin\net.dll
0x00007ffea9aa0000 - 0x00007ffea9baa000 	C:\Windows\SYSTEM32\WINHTTP.dll
0x00007ffeb37a0000 - 0x00007ffeb380a000 	C:\Windows\system32\mswsock.dll
0x00007ffeaebb0000 - 0x00007ffeaebc6000 	C:\Program Files\Android\Android Studio\jbr\bin\nio.dll
0x00007ffeaeb10000 - 0x00007ffeaeb20000 	C:\Program Files\Android\Android Studio\jbr\bin\verify.dll
0x00007ffead730000 - 0x00007ffead757000 	F:\GRADLE\.gradle\native\68d5fa5c4cc2d200863cafc0d521ce42e7d3e7ee720ec0a83991735586a16f82\windows-amd64\native-platform.dll
0x00007ffe8da60000 - 0x00007ffe8dba4000 	F:\GRADLE\.gradle\native\e376f236ea51e6404a007f0833ffe2c6e607c4080706a723a18a27aeea778392\windows-amd64\native-platform-file-events.dll
0x00007ffeaeb00000 - 0x00007ffeaeb09000 	C:\Program Files\Android\Android Studio\jbr\bin\management.dll
0x00007ffeaeaf0000 - 0x00007ffeaeafb000 	C:\Program Files\Android\Android Studio\jbr\bin\management_ext.dll
0x00007ffeb6400000 - 0x00007ffeb6408000 	C:\Windows\System32\PSAPI.DLL
0x00007ffeb3990000 - 0x00007ffeb39a8000 	C:\Windows\SYSTEM32\CRYPTSP.dll
0x00007ffeb3060000 - 0x00007ffeb3094000 	C:\Windows\system32\rsaenh.dll
0x00007ffeb3ec0000 - 0x00007ffeb3eee000 	C:\Windows\SYSTEM32\USERENV.dll
0x00007ffeb39b0000 - 0x00007ffeb39bc000 	C:\Windows\SYSTEM32\CRYPTBASE.dll
0x00007ffeb3440000 - 0x00007ffeb347b000 	C:\Windows\SYSTEM32\IPHLPAPI.DLL
0x00007ffeb5b40000 - 0x00007ffeb5b48000 	C:\Windows\System32\NSI.dll
0x00007ffeaa5d0000 - 0x00007ffeaa5e7000 	C:\Windows\SYSTEM32\dhcpcsvc6.DLL
0x00007ffeab340000 - 0x00007ffeab35d000 	C:\Windows\SYSTEM32\dhcpcsvc.DLL
0x00007ffeb3480000 - 0x00007ffeb354b000 	C:\Windows\SYSTEM32\DNSAPI.dll
0x00007ffe94c60000 - 0x00007ffe94c67000 	C:\Windows\system32\wshunix.dll

dbghelp: loaded successfully - version: 4.0.5 - missing functions: none
symbol engine: initialized successfully - sym options: 0x614 - pdb path: .;C:\Program Files\Android\Android Studio\jbr\bin;C:\Windows\SYSTEM32;C:\Windows\WinSxS\amd64_microsoft.windows.common-controls_6595b64144ccf1df_6.0.19041.3636_none_60b6a03d71f818d5;C:\Program Files\Android\Android Studio\jbr\bin\server;F:\GRADLE\.gradle\native\68d5fa5c4cc2d200863cafc0d521ce42e7d3e7ee720ec0a83991735586a16f82\windows-amd64;F:\GRADLE\.gradle\native\e376f236ea51e6404a007f0833ffe2c6e607c4080706a723a18a27aeea778392\windows-amd64

VM Arguments:
jvm_args: --add-opens=java.base/java.util=ALL-UNNAMED --add-opens=java.base/java.lang=ALL-UNNAMED --add-opens=java.base/java.lang.invoke=ALL-UNNAMED --add-opens=java.prefs/java.util.prefs=ALL-UNNAMED --add-opens=java.base/java.nio.charset=ALL-UNNAMED --add-opens=java.base/java.net=ALL-UNNAMED --add-opens=java.base/java.util.concurrent.atomic=ALL-UNNAMED -Xmx2048m -Dfile.encoding=UTF-8 -Duser.country=ID -Duser.language=en -Duser.variant -javaagent:F:\GRADLE\.gradle\wrapper\dists\gradle-8.2-bin\bbg7u40eoinfdyxsxr3z4i7ta\gradle-8.2\lib\agents\gradle-instrumentation-agent-8.2.jar 
java_command: org.gradle.launcher.daemon.bootstrap.GradleDaemon 8.2
java_class_path (initial): F:\GRADLE\.gradle\wrapper\dists\gradle-8.2-bin\bbg7u40eoinfdyxsxr3z4i7ta\gradle-8.2\lib\gradle-launcher-8.2.jar
Launcher Type: SUN_STANDARD

[Global flags]
     intx CICompilerCount                          = 3                                         {product} {ergonomic}
     uint ConcGCThreads                            = 1                                         {product} {ergonomic}
     uint G1ConcRefinementThreads                  = 4                                         {product} {ergonomic}
   size_t G1HeapRegionSize                         = 1048576                                   {product} {ergonomic}
    uintx GCDrainStackTargetSize                   = 64                                        {product} {ergonomic}
   size_t InitialHeapSize                          = 134217728                                 {product} {ergonomic}
   size_t MarkStackSize                            = 4194304                                   {product} {ergonomic}
   size_t MaxHeapSize                              = 2147483648                                {product} {command line}
   size_t MaxNewSize                               = 1287651328                                {product} {ergonomic}
   size_t MinHeapDeltaBytes                        = 1048576                                   {product} {ergonomic}
   size_t MinHeapSize                              = 8388608                                   {product} {ergonomic}
    uintx NonNMethodCodeHeapSize                   = 5832780                                {pd product} {ergonomic}
    uintx NonProfiledCodeHeapSize                  = 122912730                              {pd product} {ergonomic}
    uintx ProfiledCodeHeapSize                     = 122912730                              {pd product} {ergonomic}
    uintx ReservedCodeCacheSize                    = 251658240                              {pd product} {ergonomic}
     bool SegmentedCodeCache                       = true                                      {product} {ergonomic}
   size_t SoftMaxHeapSize                          = 2147483648                             {manageable} {ergonomic}
     bool UseCompressedClassPointers               = true                           {product lp64_product} {ergonomic}
     bool UseCompressedOops                        = true                           {product lp64_product} {ergonomic}
     bool UseG1GC                                  = true                                      {product} {ergonomic}
     bool UseLargePagesIndividualAllocation        = false                                  {pd product} {ergonomic}

Logging:
Log output configuration:
 #0: stdout all=warning uptime,level,tags
 #1: stderr all=off uptime,level,tags

Environment Variables:
PATH=C:\Program Files\Common Files\Oracle\Java\javapath;C:\Program Files (x86)\Common Files\Oracle\Java\javapath;C:\Windows\system32;C:\Windows;C:\Windows\System32\Wbem;C:\Windows\System32\WindowsPowerShell\v1.0\;C:\Windows\System32\OpenSSH\;C:\Program Files (x86)\NVIDIA Corporation\PhysX\Common;C:\Program Files\Intel\WiFi\bin\;C:\Program Files\Common Files\Intel\WirelessCommon\;C:\Program Files\nodejs\;C:\Program Files\Go\bin;C:\Program Files\PuTTY\;C:\Users\Administrator\AppData\Local\Microsoft\WindowsApps;C:\Program Files\Intel\WiFi\bin\;C:\Program Files\Common Files\Intel\WirelessCommon\;F:\VSC\Microsoft VS Code\bin;C:\Users\Administrator\AppData\Roaming\npm
USERNAME=Administrator
OS=Windows_NT
PROCESSOR_IDENTIFIER=Intel64 Family 6 Model 142 Stepping 9, GenuineIntel
TMP=C:\Users\ADMINI~1\AppData\Local\Temp
TEMP=C:\Users\ADMINI~1\AppData\Local\Temp


JNI global refs:
JNI global refs: 24, weak refs: 0

JNI global refs memory usage: 843, weak refs: 841

OOME stack traces (most recent first):
Classloader memory used:
Loader org.gradle.internal.classloader.VisitableURLClassLoader                         : 2771K
Loader bootstrap                                                                       : 2346K
Loader org.gradle.initialization.MixInLegacyTypesClassLoader                           : 659K
Loader jdk.internal.loader.ClassLoaders$PlatformClassLoader                            : 64832B
Loader org.gradle.internal.classloader.VisitableURLClassLoader                         : 49299B
Loader jdk.internal.loader.ClassLoaders$AppClassLoader                                 : 28073B
Loader jdk.internal.reflect.DelegatingClassLoader                                      : 20716B
Loader org.gradle.groovy.scripts.internal.DefaultScriptCompilationHandler$ScriptClassLoader: 3966B
Loader org.codehaus.groovy.runtime.callsite.CallSiteClassLoader                        : 876B

Classes loaded by more than one classloader:
Class org.gradle.api.GradleException                                                  : loaded 3 times (x 80B)
Class org.gradle.util.GradleVersion                                                   : loaded 2 times (x 81B)
Class org.gradle.internal.classpath.ClassPath                                         : loaded 2 times (x 68B)
Class org.gradle.api.internal.classpath.DefaultModuleRegistry                         : loaded 2 times (x 84B)
Class org.gradle.api.Action                                                           : loaded 2 times (x 68B)
Class org.gradle.api.internal.DefaultClassPathProvider                                : loaded 2 times (x 74B)
Class org.gradle.internal.installation.GradleInstallation$1                           : loaded 2 times (x 73B)
Class org.gradle.internal.exceptions.DefaultMultiCauseException                       : loaded 2 times (x 85B)
Class org.gradle.internal.time.MonotonicClock                                         : loaded 2 times (x 75B)
Class org.gradle.internal.classloader.FilteringClassLoader                            : loaded 2 times (x 102B)
Class org.gradle.internal.classpath.DefaultClassPath$ImmutableUniqueList$Builder      : loaded 2 times (x 73B)
Class org.gradle.internal.classloader.ClassLoaderVisitor                              : loaded 2 times (x 74B)
Class org.gradle.internal.time.DefaultCountdownTimer                                  : loaded 2 times (x 86B)
Class org.gradle.internal.service.DefaultServiceLocator                               : loaded 2 times (x 81B)
Class org.gradle.internal.service.UnknownServiceException                             : loaded 2 times (x 81B)
Class org.gradle.internal.classloader.DefaultClassLoaderFactory                       : loaded 2 times (x 80B)
Class org.gradle.internal.classloader.VisitableURLClassLoader$Spec                    : loaded 2 times (x 72B)
Class org.gradle.tooling.model.ProjectModel                                           : loaded 2 times (x 68B)
Class org.gradle.internal.installation.GradleInstallation                             : loaded 2 times (x 73B)
Class org.gradle.api.internal.classpath.ModuleRegistry                                : loaded 2 times (x 68B)
Class org.gradle.api.internal.ClassPathProvider                                       : loaded 2 times (x 68B)
Class org.gradle.internal.classloader.ClasspathUtil$1                                 : loaded 2 times (x 74B)
Class org.gradle.internal.classloader.ClassLoaderFactory                              : loaded 2 times (x 68B)
Class org.gradle.api.internal.classpath.ManifestUtil                                  : loaded 2 times (x 69B)
Class org.gradle.api.specs.Spec                                                       : loaded 2 times (x 68B)
Class org.gradle.internal.IoActions                                                   : loaded 2 times (x 69B)
Class org.gradle.api.internal.classpath.EffectiveClassPath                            : loaded 2 times (x 88B)
Class org.gradle.internal.installation.CurrentGradleInstallation                      : loaded 2 times (x 71B)
Class org.gradle.internal.agents.InstrumentingClassLoader                             : loaded 2 times (x 68B)
Class org.gradle.internal.installation.CurrentGradleInstallationLocator               : loaded 2 times (x 69B)
Class org.gradle.api.internal.classpath.Module                                        : loaded 2 times (x 68B)
Class org.gradle.internal.service.CachingServiceLocator                               : loaded 2 times (x 80B)
Class org.gradle.internal.time.Timer                                                  : loaded 2 times (x 68B)
Class org.gradle.internal.classpath.DefaultClassPath                                  : loaded 2 times (x 88B)
Class org.gradle.internal.time.Time                                                   : loaded 2 times (x 69B)
Class org.gradle.internal.time.TimeSource$1                                           : loaded 2 times (x 75B)
Class org.gradle.internal.classloader.SystemClassLoaderSpec                           : loaded 2 times (x 69B)
Class kotlin.Function                                                                 : loaded 2 times (x 68B)
Class org.gradle.api.UncheckedIOException                                             : loaded 2 times (x 80B)
Class org.gradle.internal.time.CountdownTimer                                         : loaded 2 times (x 68B)
Class org.gradle.internal.time.Clock                                                  : loaded 2 times (x 68B)
Class org.gradle.internal.classloader.ClasspathUtil                                   : loaded 2 times (x 69B)
Class org.gradle.api.internal.DefaultClassPathRegistry                                : loaded 2 times (x 74B)
Class org.gradle.api.internal.classpath.DefaultModuleRegistry$DefaultModule           : loaded 2 times (x 84B)
Class org.gradle.internal.time.TimeSource                                             : loaded 2 times (x 68B)
Class org.gradle.api.internal.classpath.UnknownModuleException                        : loaded 2 times (x 80B)
Class org.gradle.internal.service.ServiceLookupException                              : loaded 2 times (x 80B)
Class org.gradle.cache.GlobalCache                                                    : loaded 2 times (x 68B)
Class [Lorg.gradle.api.internal.ClassPathProvider;                                    : loaded 2 times (x 67B)
Class org.gradle.internal.operations.MultipleBuildOperationFailures                   : loaded 2 times (x 85B)
Class org.gradle.util.internal.GUtil                                                  : loaded 2 times (x 69B)
Class org.gradle.internal.classloader.ClassLoaderSpec                                 : loaded 2 times (x 69B)
Class org.gradle.internal.classloader.VisitableURLClassLoader                         : loaded 2 times (x 114B)
Class org.gradle.internal.Cast                                                        : loaded 2 times (x 69B)
Class org.gradle.api.internal.ClassPathRegistry                                       : loaded 2 times (x 68B)
Class org.gradle.internal.classloader.VisitableURLClassLoader$InstrumentingVisitableURLClassLoader: loaded 2 times (x 120B)
Class org.gradle.internal.classloader.ClassLoaderHierarchy                            : loaded 2 times (x 68B)
Class org.gradle.internal.exceptions.MultiCauseException                              : loaded 2 times (x 68B)
Class org.gradle.internal.InternalTransformer                                         : loaded 2 times (x 68B)
Class org.gradle.internal.service.ServiceLocator                                      : loaded 2 times (x 68B)
Class org.gradle.internal.classpath.DefaultClassPath$ImmutableUniqueList              : loaded 2 times (x 159B)
Class org.gradle.internal.time.DefaultTimer                                           : loaded 2 times (x 78B)
Class org.gradle.internal.classpath.TransformedClassPath                              : loaded 2 times (x 94B)


---------------  S Y S T E M  ---------------

OS:
 Windows 10 , 64 bit Build 19041 (10.0.19041.3636)
OS uptime: 0 days 4:13 hours

CPU: total 4 (initial active 4) (2 cores per cpu, 2 threads per core) family 6 model 142 stepping 9 microcode 0xb4, cx8, cmov, fxsr, ht, mmx, 3dnowpref, sse, sse2, sse3, ssse3, sse4.1, sse4.2, popcnt, lzcnt, tsc, tscinvbit, avx, avx2, aes, erms, clmul, bmi1, bmi2, adx, fma, vzeroupper, clflush, clflushopt

Memory: 4k page, system-wide physical 8075M (322M free)
TotalPageFile size 12075M (AvailPageFile size 6M)
current process WorkingSet (physical memory assigned to process): 242M, peak: 244M
current process commit charge ("private bytes"): 268M, peak: 276M

vm_info: OpenJDK 64-Bit Server VM (17.0.7+0-b2043.56-10550314) for windows-amd64 JRE (17.0.7+0-b2043.56-10550314), built on Jul 24 2023 18:27:45 by "androidbuild" with MS VC++ 16.10 / 16.11 (VS2019)

END.
